Exporter version: 2.93.5, Blender version: 3.4.1
========= Conversion from Blender to Babylon.js =========
	Scene settings used :
		Inline textures     :  false
		Material Type       :  PBR
		Positions Precision :  4
		Normals Precision   :  3
		UVs Precision       :  3
		Vert Color Precision:  3
		Mat Weight Precision:  2
		Keep Z-up r-handed  :  no
		Texture directory   :  C:\ProjectsPe\_canxerian\arctic-sea-ice.js\src\babylonjs\models\Globe\
	Python World class constructor completed
	WARNING: No active camera has been assigned, or is not in a currently enabled collection
	processing begun of mesh:  Sphere
		processing begun of material:  Earth
			processing texture EarthNormalMap
				texture type:  bumpTexture, mapped using: "UVMap"
			processing texture earth_color_5K
				texture type:  diffuseTexture, mapped using: "UVMap"
		num positions      :  588
		num normals        :  588
		num tangents       :  0
		num uvs            :  1176
		num uvs2           :  0
		num colors         :  0
		num triangles      :  960
	processing begun of mesh:  ImagePlane
		processing begun of material:  Material.003
			processing texture N_197811_conc_v3_0
				texture type:  diffuseTexture, mapped using: "UVMap"
		num positions      :  157423
		num normals        :  157423
		num tangents       :  0
		num uvs            :  314846
		num uvs2           :  0
		num colors         :  0
		num triangles      :  131072
========= Writing of JSON file started =========
	writing mesh:  Sphere
	writing mesh:  ImagePlane
========= Writing of JSON file completed =========
========= end of processing =========
elapsed time:  0 min, 9.0908 secs
