Exporter version: 2.93.5, Blender version: 3.2.1
========= Conversion from Blender to Babylon.js =========
	Scene settings used :
		Inline textures     :  false
		Material Type       :  PBR
		Positions Precision :  4
		Normals Precision   :  3
		UVs Precision       :  3
		Vert Color Precision:  3
		Mat Weight Precision:  2
		Keep Z-up r-handed  :  no
		Texture directory   :  C:\ProjectsPe\_canxerian\arctic-sea-ice.js\src\babylonjs\models\
	Python World class constructor completed
	processing begun of mesh:  Terrain
		WARNING: No materials have been assigned: 
		num positions      :  16384
		num normals        :  16384
		num tangents       :  0
		num uvs            :  0
		num uvs2           :  0
		num colors         :  0
		num triangles      :  32258
	processing begun of camera (UniversalCamera):  Camera
	processing begun of mesh:  Landscape.002
		WARNING: No materials have been assigned: 
		num positions      :  16384
		num normals        :  16384
		num tangents       :  0
		num uvs            :  0
		num uvs2           :  0
		num colors         :  0
		num triangles      :  32258
========= Writing of JSON file started =========
	writing mesh:  Terrain
	writing mesh:  Landscape.002
========= Writing of JSON file completed =========
========= end of processing =========
elapsed time:  0 min, 2.6686 secs
