Exporter version: 2.93.5, Blender version: 3.2.1
========= Conversion from Blender to Babylon.js =========
	Scene settings used :
		Inline textures     :  false
		Material Type       :  PBR
		Positions Precision :  4
		Normals Precision   :  3
		UVs Precision       :  3
		Vert Color Precision:  3
		Mat Weight Precision:  2
		Keep Z-up r-handed  :  no
		Texture directory   :  C:\ProjectsPe\_canxerian\arctic-sea-ice.js\src\babylonjs\models\
	Python World class constructor completed
	WARNING: No active camera has been assigned, or is not in a currently enabled collection
	processing begun of mesh:  EarthSimple
		processing begun of material:  EarthSimple
			processing texture EarthNormalMap
				texture type:  bumpTexture, mapped using: "UVMap"
			processing texture earth_color_10K
				texture type:  diffuseTexture, mapped using: "UVMap"
		num positions      :  1148
		num normals        :  1148
		num tangents       :  0
		num uvs            :  2296
		num uvs2           :  0
		num colors         :  0
		num triangles      :  1984
	processing begun of mesh:  ImagePlane
		processing begun of material:  N_197811_conc_v3.0
			processing texture N_197811_conc_v3_0
				texture type:  diffuseTexture, mapped using: "UVMap"
		num positions      :  24139
		num normals        :  24139
		num tangents       :  0
		num uvs            :  48278
		num uvs2           :  0
		num colors         :  0
		num triangles      :  8192
========= Writing of JSON file started =========
	writing mesh:  EarthSimple
	writing mesh:  ImagePlane
========= Writing of JSON file completed =========
========= end of processing =========
elapsed time:  0 min, 1.5916 secs
